ISim log file
Running: E:\CO_cpu\P6\mips_test_isim_beh.exe -intstyle ise -gui -tclbatch isim.cmd -wdb E:/CO_cpu/P6/mips_test_isim_beh.wdb 
ISim P.20131013 (signature 0x7708f090)
----------------------------------------------------------------------
WARNING:Security:42 - Your software subscription period has lapsed. Your current version of Xilinx tools will continue to function, but you no longer qualify for Xilinx software updates or new releases.


----------------------------------------------------------------------
This is a Full version of ISim.
Time resolution is 1 ps
# onerror resume
# wave add /
# run 1000 ns
Simulator is doing circuit initialization process.
Finished circuit initialization process.
                   9@00003000: $ 1 <= ffff0000
                  11@00003004: $ 1 <= ffffff9c
                  13@00003008: $ 1 <= ffffff9c
                  15@0000300c: $ 2 <= 00640000
                  17@00003010: $ 1 <= 0063ff9c
                  17@00003014: *00000000 <= 0063ff9c
                  21@00003018: $ 2 <= 0063ff9c
                  25@0000301c: $ 3 <= 0063ff9c
                  27@00003020: $ 3 <= 0063ff9c
                  31@00003024: $ 4 <= ff9c0064
                  33@00003028: $ 4 <= ffffff9c
                  37@0000302c: $ 5 <= ffffff9c
                  39@00003030: $ 5 <= 00000063
                  43@00003034: $ 6 <= ffffff9d
                  45@00003038: $ 6 <= ffffff9c
                  49@0000303c: $ 7 <= 0063ff9c
                  51@00003040: $ 7 <= ffffffff
                  55@00003044: $ 8 <= ffffffff
                  57@00003048: $ 8 <= 00000063
                  61@0000304c: $ 9 <= 0063ffff
                  63@00003050: $ 9 <= 00000000
                  67@00003054: $10 <= ff9c0063
                  69@00003058: $11 <= 00000000
                  73@0000305c: $12 <= 00000000
                  75@00003060: $13 <= 0000ff9c
                  79@00003064: $14 <= 00000001
                  81@00003068: $ 1 <= 0000012c
                  83@0000306c: $ 2 <= 00000258
                  85@00003070: $ 3 <= 00000001
                  87@00003074: $ 4 <= 00000000
                  89@00003078: $ 1 <= ffff0000
                  91@0000307c: $ 1 <= ffffffb0
                  93@00003080: $ 5 <= ffffffb0
                  95@00003084: $ 6 <= 00000001
                  97@00003088: $ 1 <= ffff0000
                  99@0000308c: $ 1 <= ffffff9c
                 101@00003090: $ 7 <= ffffff9c
                 103@00003094: $ 8 <= 00000001
                 105@00003098: $ 8 <= 00000001
                 107@0000309c: $ 9 <= ffffff9d
                 109@000030a0: $10 <= 00000000
                 111@000030a4: $11 <= 00000062
                 113@000030a8: $12 <= 00000000
                 115@000030ac: $13 <= fffff380
                 117@000030b0: $14 <= fffff380
                 119@000030b4: $15 <= 07fffffc
                 121@000030b8: $16 <= 07fffffc
                 123@000030bc: $17 <= fffffffd
                 125@000030c0: $18 <= fffffffd
                 127@000030c4: $19 <= 00000007
                 129@000030c8: $20 <= ffffd800
                 131@000030cc: $21 <= ffffd800
                 133@000030d0: $22 <= 01ffffff
                 135@000030d4: $23 <= 01ffffff
                 137@000030d8: $24 <= ffffffff
                 139@000030dc: $25 <= ffffffff
                 141@000030e0: $31 <= 000030e8
                 145@00003108: $31 <= 000030e8
                 147@0000310c: $30 <= 00000000
                 149@00003110: $ 5 <= 00003118
                 153@000030e8: $ 1 <= 00000064
                 155@000030ec: $ 1 <= ffff0000
                 157@000030f0: $ 1 <= ffffff9c
                 159@000030f4: $ 2 <= ffffff9c
                 175@000030fc: $ 3 <= 00002710
                 177@00003100: $ 3 <= 00005828
                 181@00003108: $31 <= 000030e8
                 183@00003118: $ 1 <= ffff0000
                 185@0000311c: $ 1 <= ffffff9c
                 187@00003120: $ 1 <= ffffff9c
                 189@00003124: $ 2 <= 00400000
                 191@00003128: $ 1 <= 003fff9c
                 191@0000312c: *00000000 <= 003fff9c
                 195@00003130: $ 2 <= 003fff9c
                 199@00003134: $ 3 <= 003fffb0
                 201@00003138: $ 3 <= ffffff9c
                 205@0000313c: $ 4 <= ffffff88
                 207@00003140: $ 4 <= 0000003f
                 211@00003144: $ 5 <= 000000ff
                 213@00003148: $ 5 <= ffffff9c
                 217@0000314c: $ 6 <= ffffffd6
                 219@00003150: $ 6 <= 0000009c
                 223@00003154: $ 7 <= 00000000
                 225@00003158: $ 7 <= 0000009c
                 229@0000315c: $ 8 <= 00000001
                 231@00003160: $ 8 <= ffffff9c
                 235@00003164: $ 9 <= 00000001
                 237@00003168: $ 9 <= ffffff9c
                 241@0000316c: $10 <= 00000000
                 243@00003170: $ 1 <= ffff0000
                 245@00003174: $ 1 <= ffff03e8
                 247@00003178: $ 2 <= ffff03e8
                 249@0000317c: $ 3 <= 000003e8
                 251@00003180: $ 4 <= 000003e8
                 253@00003184: $ 5 <= 0000f318
                 255@00003188: $ 1 <= ffff0000
                 257@0000318c: $ 1 <= ffffffce
                 259@00003190: $ 6 <= ffffffce
                 261@00003194: $ 7 <= 00000001
                 263@00003198: $ 1 <= ffff0000
                 265@0000319c: $ 1 <= ffffffa6
                 267@000031a0: $ 6 <= ffffffa6
                 269@000031a4: $ 8 <= 00000000
                 271@000031a8: $ 1 <= ffffffa6
                 273@000031ac: $ 1 <= ffffffa6
                 275@000031b0: $ 9 <= 003fff9c
                 279@000031b8: $ 9 <= 00000000
                 281@000031bc: $ 1 <= ffff0000
                 283@000031c0: $ 1 <= ffffff9e
                 285@000031c4: $10 <= ffffff9e
                 287@000031c8: $11 <= ffffcf00
                 289@000031cc: $12 <= ffffcf00
                 291@000031d0: $13 <= 07fffffc
                 293@000031d4: $14 <= 07fffffc
                 295@000031d8: $15 <= fffffff3
                 297@000031dc: $16 <= fffffff3
                 299@000031e0: $17 <= 00000004
                 301@000031e4: $18 <= fffff9e0
                 303@000031e8: $18 <= fffff9e0
                 305@000031ec: $19 <= 0ffffff9
                 307@000031f0: $19 <= 0ffffff9
                 309@000031f4: $20 <= fffffff9
                 311@000031f8: $20 <= fffffff9
                 313@000031fc: $31 <= 00003204
                 317@00003238: $31 <= 00003204
                 321@0000323c: $ 5 <= 00003244
                 325@00003204: $21 <= 00000064
                 327@00003208: $ 1 <= ffff0000
                 329@0000320c: $ 1 <= ffffffe9
                 331@00003210: $22 <= ffffffe9
                 335@00003218: $21 <= 00000065
                 357@0000321c: $23 <= 00000000
                 359@00003220: $ 1 <= 00000001
                 361@00003224: $23 <= ffffffff
                 363@00003228: $24 <= 00000064
                 365@0000322c: $25 <= 00000000
                 371@00003244: $ 1 <= 00000004
                 371@00003248: *00000000 <= 00000004
                 375@0000324c: $ 1 <= 00000064
                 375@00003250: *00000004 <= 00000064
                 379@00003254: $ 2 <= 00000004
                 383@00003258: $ 3 <= 00000064
                 385@0000325c: $ 4 <= 00000004
                 389@00003260: $ 5 <= 00000064
                 391@00003264: $ 6 <= 00000004
                 395@00003268: $ 7 <= 00000064
                 397@0000326c: $ 8 <= 00000004
                 401@00003270: $ 9 <= 00000064
                 403@00003274: $10 <= 00000004
                 407@00003278: $11 <= 00000064
                 409@0000327c: $ 1 <= 00000004
                 411@00003280: $ 2 <= 00000004
                 413@00003284: $ 3 <= 00000064
                 415@00003288: $ 3 <= 00000004
                 417@0000328c: $ 4 <= 00000064
                 419@00003290: $ 5 <= 00000001
                 421@00003294: $ 5 <= 00000004
                 423@00003298: $ 6 <= 00000064
                 425@0000329c: $31 <= 000032a4
                 429@000032c0: $ 5 <= 000032c8
                 433@000032a4: $ 1 <= 00000004
                 435@000032a8: $ 2 <= 00000001
                 451@000032b0: $ 3 <= 00000004
                 453@000032b4: $ 4 <= 00000064
                 459@000032c8: $ 1 <= 00000004
                 459@000032cc: *00000000 <= 00000004
                 463@000032d0: $ 1 <= 00005678
                 465@000032d4: $ 2 <= 12340000
                 467@000032d8: $ 1 <= 12345678
                 467@000032dc: *00000004 <= 12345678
                 471@000032e0: $ 2 <= 00000004
                 473@000032e4: *00000004 <= 12345678
                 477@000032e8: $ 3 <= 00000004
                 479@000032ec: *00000004 <= 12345678
                 483@000032f0: $ 4 <= 00000004
                 485@000032f4: *00000004 <= 56785678
                 489@000032f8: $ 5 <= 00000004
                 491@000032fc: *00000004 <= 56785678
                 495@00003300: $ 6 <= 00000004
                 497@00003304: *00000004 <= 56787878
                 501@00003308: $ 1 <= 12340000
                 503@0000330c: $30 <= 12345678
                 505@00003310: $ 1 <= 00000004
                 507@00003314: $ 2 <= 00000004
                 507@00003318: *00000004 <= 12345678
                 511@0000331c: $30 <= 1234567c
                 511@00003320: *00000000 <= 567c0004
                 515@00003324: $ 1 <= 12340000
                 517@00003328: $30 <= 12345678
                 517@0000332c: *00000004 <= 12345678
                 521@00003330: $ 4 <= 00000005
                 521@00003334: *00000004 <= 12347878
                 525@00003338: $ 5 <= 00000001
                 527@0000333c: $ 5 <= 00000004
                 527@00003340: *00000008 <= 12345678
                 531@00003344: $29 <= 048d159e
                 531@00003348: *0000000c <= 048d159e
                 535@0000334c: $31 <= 00003354
                 537@00003388: *00000000 <= 00003354
                 541@0000338c: $ 5 <= 00003394
                 543@00003354: *00000000 <= 00003394
                 547@00003358: $ 1 <= 00000008
                 549@0000335c: $ 2 <= 00000002
                 575@00003364: $ 3 <= 00000004
                 575@00003368: *00000004 <= 00003354
                 579@0000336c: $ 7 <= 0000001d
                 581@00003370: $ 9 <= 0000001e
                 597@00003378: $ 4 <= 00000000
                 597@0000337c: *00000008 <= 00000000
                 605@00003394: $ 1 <= ffff0000
                 607@00003398: $ 1 <= ffffffce
                 609@0000339c: $ 1 <= ffffffce
                 609@000033a0: *00000000 <= ffffffce
                 613@000033a4: $ 2 <= ffffffce
                 617@000033a8: $ 3 <= fce00000
                 619@000033ac: $ 3 <= ffffffce
                 623@000033b0: $ 4 <= 07fffffe
                 625@000033b4: $ 4 <= ffffffce
                 629@000033b8: $ 5 <= fffffffe
                 631@000033bc: $ 1 <= 00000032
                 631@000033c0: *00000004 <= 00000032
                 635@000033c4: $ 5 <= 00000032
                 639@000033c8: $ 5 <= 00000003
                 641@000033cc: $ 1 <= ffff0000
                 643@000033d0: $ 1 <= ffffffce
                 645@000033d4: $ 1 <= ffffffce
                 647@000033d8: $ 2 <= fffff380
                 649@000033dc: $ 1 <= 00000000
                 651@000033e0: $ 1 <= 0000ffff
                 653@000033e4: $ 1 <= 0001fffe
                 655@000033e8: $ 1 <= 000003ff
                 657@000033ec: $ 1 <= ffff0000
                 659@000033f0: $ 1 <= ffffff80
                 661@000033f4: $ 1 <= 00000048
                 663@000033f8: $ 1 <= 00000900
                 665@000033fc: $ 1 <= 00000901
                 667@00003400: $ 1 <= 80000000
                 669@00003404: $ 1 <= fffff800
                 671@00003408: $ 1 <= 007ffffc
                 673@0000340c: $31 <= 00003414
                 677@00003464: $29 <= 34140000
                 679@00003468: $28 <= 00682800
                 681@0000346c: $27 <= 00003414
                 683@00003470: $ 5 <= 00003478
                 687@00003414: $ 1 <= 0000ffff
                 689@00003418: $ 2 <= ffff0000
                 705@00003420: $ 3 <= ffffffff
                 707@00003424: $ 3 <= fffffff0
                 709@00003428: $ 4 <= 00010000
                 711@0000342c: $ 4 <= 00000200
                 727@00003434: $ 3 <= 0000fffe
                 729@00003438: $ 3 <= 000007ff
                 731@0000343c: $ 4 <= 00010000
                 733@00003440: $ 4 <= 00000400
                 739@0000344c: $ 1 <= 0000ffff
                 741@00003450: $ 1 <= fff00000
                 743@00003454: $ 2 <= ffff0000
                 745@00003458: $ 2 <= ffffffc0
                 751@00003478: $ 1 <= 00000001
                 753@0000347c: $ 2 <= 00000014
                 757@00003484: *00000000 <= 00000001
                 761@00003488: $ 1 <= 00000002
                 767@00003484: *00000000 <= 00000002
                 771@00003488: $ 1 <= 00000003
                 777@00003484: *00000000 <= 00000003
                 781@00003488: $ 1 <= 00000004
                 787@00003484: *00000000 <= 00000004
                 791@00003488: $ 1 <= 00000005
                 797@00003484: *00000000 <= 00000005
                 801@00003488: $ 1 <= 00000006
                 807@00003484: *00000000 <= 00000006
                 811@00003488: $ 1 <= 00000007
                 817@00003484: *00000000 <= 00000007
                 821@00003488: $ 1 <= 00000008
                 827@00003484: *00000000 <= 00000008
                 831@00003488: $ 1 <= 00000009
                 837@00003484: *00000000 <= 00000009
                 841@00003488: $ 1 <= 0000000a
                 847@00003484: *00000000 <= 0000000a
                 851@00003488: $ 1 <= 0000000b
                 857@00003484: *00000000 <= 0000000b
                 861@00003488: $ 1 <= 0000000c
                 867@00003484: *00000000 <= 0000000c
                 871@00003488: $ 1 <= 0000000d
                 877@00003484: *00000000 <= 0000000d
                 881@00003488: $ 1 <= 0000000e
                 887@00003484: *00000000 <= 0000000e
                 891@00003488: $ 1 <= 0000000f
                 897@00003484: *00000000 <= 0000000f
                 901@00003488: $ 1 <= 00000010
                 907@00003484: *00000000 <= 00000010
                 911@00003488: $ 1 <= 00000011
                 917@00003484: *00000000 <= 00000011
                 921@00003488: $ 1 <= 00000012
                 927@00003484: *00000000 <= 00000012
                 931@00003488: $ 1 <= 00000013
                 937@00003484: *00000000 <= 00000013
                 941@00003488: $ 1 <= 00000014
                 947@00003484: *00000000 <= 00000014
                 951@00003494: $ 1 <= 00000003
                 953@00003498: $ 2 <= 00000003
                 957@000034a0: *00000004 <= 03000032
                 961@000034a4: $ 1 <= 00000004
                 977@000034ac: $ 2 <= 00000009
                 983@000034a0: *0000000c <= 048d099e
                 987@000034b8: $ 2 <= 0000000a
                 989@000034bc: $ 3 <= 0000000a
                 993@000034c4: *00000000 <= 0000000a
                 997@000034c8: $ 2 <= 00000009
                 999@000034cc: $ 3 <= 00000009
