ISim log file
Running: E:\CO_cpu\P7\cpu_test_isim_beh.exe -intstyle ise -gui -tclbatch isim.cmd -wdb E:/CO_cpu/P7/cpu_test_isim_beh.wdb 
ISim P.20131013 (signature 0x7708f090)
----------------------------------------------------------------------
WARNING:Security:42 - Your software subscription period has lapsed. Your current version of Xilinx tools will continue to function, but you no longer qualify for Xilinx software updates or new releases.


----------------------------------------------------------------------
This is a Full version of ISim.
Time resolution is 1 ps
# onerror resume
# wave add /
# run 1000 ns
Simulator is doing circuit initialization process.
Finished circuit initialization process.
                  18@00003000: $28 <= 00000000
                  22@00003004: $29 <= 00000000
                  34@00003010: $ 1 <= 1da30000
                  42@00003018: $ 1 <= 36f90000
                  46@0000301c: $ 1 <= 36f9b9cb
                  50@00003020: $ 1 <= 03330000
                  54@00003024: $ 2 <= 0333f692
                  58@00003028: $ 1 <= 254b0000
                  62@0000302c: $ 3 <= 254b9bc1
                  66@00003030: $ 1 <= 72f40000
                  70@00003034: $ 4 <= 72f47349
                  74@00003038: $ 1 <= 7e4e0000
                  78@0000303c: $ 5 <= 7e4e189b
                  98@00004180: $ 1 <= 0e3a0000
                 106@00004188: $ 1 <= 003d0000
                 110@0000418c: $ 1 <= 003d3b26
                 114@00004190: $ 1 <= 61590000
                 118@00004194: $ 2 <= 61595194
                 122@00004198: $ 1 <= 07860000
                 126@0000419c: $ 3 <= 07866ab9
                 130@000041a0: $ 1 <= 38460000
                 134@000041a4: $ 4 <= 38466ad6
                 138@000041a8: $ 1 <= 2eb40000
                 142@000041ac: $ 5 <= 2eb48688
                 150@000041b4: $ 5 <= 00000001
                 154@000041b8: $ 3 <= 07866ab9
                 158@000041bc: $ 2 <= 9ea6ae6b
                 166@000041c4: $ 3 <= 00000000
                 170@000041c8: $ 1 <= 00000000
                 174@000041cc: $ 5 <= fffffffe
                 182@000041d4: $ 1 <= 00000000
                 234@000041dc: $ 2 <= 00000000
                 234@000041e0: *00000018 <= 000000d6
                 242@000041e4: $ 1 <= 00000000
                 246@000041e8: $ 1 <= 00000000
                 250@000041ec: $ 4 <= 000074cd
                 250@000041f0: *00000010 <= 00000000
                 258@000041f4: $ 3 <= 00000000
                 262@000041f8: $ 4 <= 1fe10000
                 266@000041fc: $ 5 <= 00000000
                 270@00004200: $ 4 <= 00000001
                 282@0000420c: $ 2 <= 00000001
                 286@00004210: $ 5 <= 00000000
                 290@00004214: $25 <= 00003040
                 298@00004218: $25 <= 00003044
                 314@00003044: *00000018 <= 000000d6
                 322@00003048: $ 5 <= 00000002
                 326@0000304c: $ 2 <= 00002cbe
                 330@00003050: $ 3 <= 00000002
                 334@00003054: $ 3 <= 00005b58
                 346@00003060: $ 1 <= 0000b6b0
                 354@00003068: $ 2 <= 00000000
                 358@0000306c: $ 5 <= 00000000
                 362@00003070: $ 5 <= 000071a8
                 366@00003074: $ 5 <= 00002cf1
                 370@00003078: $ 4 <= 00002cf1
                 374@0000307c: $ 1 <= 000024b0
                 378@00003080: $ 2 <= 0000071d
                 386@00003088: $ 2 <= 00000000
                 390@0000308c: $ 2 <= 00006407
                 394@00003090: $ 1 <= 12380000
                 398@00003094: $ 3 <= 1238d369
                 402@00003098: $ 3 <= 1238a678
                 410@000030a0: $ 4 <= 00000000
                 418@000030a8: $ 4 <= edc79bf8
                 422@000030ac: $ 1 <= b73b0000
                 426@000030b0: $ 3 <= b73b76b9
                 430@000030b4: $ 1 <= a54c0000
                 434@000030b8: $ 4 <= a54cba72
                 438@000030bc: $ 4 <= b73b76b9
                 446@000030c4: $ 1 <= 0000726c
                 450@000030c8: $ 3 <= 48c4fbb3
                 458@000030d0: $ 4 <= 00000001
                 462@000030d4: $ 1 <= 00000000
                 470@000030dc: $ 2 <= 00006a28
                 494@00004180: $ 1 <= 0e3a0000
                 502@00004188: $ 1 <= 003d0000
                 506@0000418c: $ 1 <= 003d3b26
                 510@00004190: $ 1 <= 61590000
                 514@00004194: $ 2 <= 61595194
                 518@00004198: $ 1 <= 07860000
                 522@0000419c: $ 3 <= 07866ab9
                 526@000041a0: $ 1 <= 38460000
                 530@000041a4: $ 4 <= 38466ad6
                 534@000041a8: $ 1 <= 2eb40000
                 538@000041ac: $ 5 <= 2eb48688
                 546@000041b4: $ 5 <= 00000001
                 550@000041b8: $ 3 <= 07866ab9
                 554@000041bc: $ 2 <= 9ea6ae6b
                 562@000041c4: $ 3 <= 00000000
                 566@000041c8: $ 1 <= 00000000
                 570@000041cc: $ 5 <= fffffffe
                 578@000041d4: $ 1 <= 00000000
                 630@000041dc: $ 2 <= 00000000
                 630@000041e0: *00000018 <= 000000d6
                 638@000041e4: $ 1 <= 00000000
                 642@000041e8: $ 1 <= 00000000
                 646@000041ec: $ 4 <= 000074cd
                 646@000041f0: *00000010 <= 00000000
                 654@000041f4: $ 3 <= 00000000
                 658@000041f8: $ 4 <= 1fe10000
                 662@000041fc: $ 5 <= 00000000
                 666@00004200: $ 4 <= 00000001
                 678@0000420c: $ 2 <= 00000001
                 682@00004210: $ 5 <= 00000000
                 686@00004214: $25 <= 000030e4
                 694@00004218: $25 <= 000030e8
                 714@000030e8: $ 1 <= 00000000
                 718@000030ec: $ 1 <= fffffffe
                 738@00004180: $ 1 <= 0e3a0000
                 746@00004188: $ 1 <= 003d0000
                 750@0000418c: $ 1 <= 003d3b26
                 754@00004190: $ 1 <= 61590000
                 758@00004194: $ 2 <= 61595194
                 762@00004198: $ 1 <= 07860000
                 766@0000419c: $ 3 <= 07866ab9
                 770@000041a0: $ 1 <= 38460000
                 774@000041a4: $ 4 <= 38466ad6
                 778@000041a8: $ 1 <= 2eb40000
                 782@000041ac: $ 5 <= 2eb48688
                 790@000041b4: $ 5 <= 00000001
                 794@000041b8: $ 3 <= 07866ab9
                 798@000041bc: $ 2 <= 9ea6ae6b
                 806@000041c4: $ 3 <= 00000000
                 810@000041c8: $ 1 <= 00000000
                 814@000041cc: $ 5 <= fffffffe
                 822@000041d4: $ 1 <= 00000000
                 874@000041dc: $ 2 <= 00000000
                 874@000041e0: *00000018 <= 000000d6
                 882@000041e4: $ 1 <= 00000000
                 886@000041e8: $ 1 <= 00000000
                 890@000041ec: $ 4 <= 000074cd
                 890@000041f0: *00000010 <= 00000000
                 898@000041f4: $ 3 <= 00000000
                 902@000041f8: $ 4 <= 1fe10000
                 906@000041fc: $ 5 <= 00000000
                 910@00004200: $ 4 <= 00000001
                 922@0000420c: $ 2 <= 00000001
                 926@00004210: $ 5 <= 00000000
                 930@00004214: $25 <= 000030f0
                 938@00004218: $25 <= 000030f4
                 958@000030f4: $ 5 <= 00000001
                 962@000030f8: $ 4 <= 00000000
                 986@00004180: $ 1 <= 0e3a0000
                 994@00004188: $ 1 <= 003d0000
                 998@0000418c: $ 1 <= 003d3b26
