Release 14.7 - xst P.20131013 (nt64)
Copyright (c) 1995-2013 Xilinx, Inc.  All rights reserved.
--> Parameter TMPDIR set to xst/projnav.tmp


Total REAL time to Xst completion: 0.00 secs
Total CPU time to Xst completion: 0.13 secs
 
--> Parameter xsthdpdir set to xst


Total REAL time to Xst completion: 0.00 secs
Total CPU time to Xst completion: 0.13 secs
 
--> Reading design: ALU.prj

TABLE OF CONTENTS
  1) Synthesis Options Summary
  2) HDL Compilation
  3) Design Hierarchy Analysis
  4) HDL Analysis
  5) HDL Synthesis
     5.1) HDL Synthesis Report
  6) Advanced HDL Synthesis
     6.1) Advanced HDL Synthesis Report
  7) Low Level Synthesis
  8) Partition Report
  9) Final Report
	9.1) Device utilization summary
	9.2) Partition Resource Summary
	9.3) TIMING REPORT


=========================================================================
*                      Synthesis Options Summary                        *
=========================================================================
---- Source Parameters
Input File Name                    : "ALU.prj"
Input Format                       : mixed
Ignore Synthesis Constraint File   : NO

---- Target Parameters
Output File Name                   : "ALU"
Output Format                      : NGC
Target Device                      : xc3s50-5-pq208

---- Source Options
Top Module Name                    : ALU
Automatic FSM Extraction           : YES
FSM Encoding Algorithm             : Auto
Safe Implementation                : No
FSM Style                          : LUT
RAM Extraction                     : Yes
RAM Style                          : Auto
ROM Extraction                     : Yes
Mux Style                          : Auto
Decoder Extraction                 : YES
Priority Encoder Extraction        : Yes
Shift Register Extraction          : YES
Logical Shifter Extraction         : YES
XOR Collapsing                     : YES
ROM Style                          : Auto
Mux Extraction                     : Yes
Resource Sharing                   : YES
Asynchronous To Synchronous        : NO
Multiplier Style                   : Auto
Automatic Register Balancing       : No

---- Target Options
Add IO Buffers                     : YES
Global Maximum Fanout              : 500
Add Generic Clock Buffer(BUFG)     : 8
Register Duplication               : YES
Slice Packing                      : YES
Optimize Instantiated Primitives   : NO
Use Clock Enable                   : Yes
Use Synchronous Set                : Yes
Use Synchronous Reset              : Yes
Pack IO Registers into IOBs        : Auto
Equivalent register Removal        : YES

---- General Options
Optimization Goal                  : Speed
Optimization Effort                : 1
Keep Hierarchy                     : No
Netlist Hierarchy                  : As_Optimized
RTL Output                         : Yes
Global Optimization                : AllClockNets
Read Cores                         : YES
Write Timing Constraints           : NO
Cross Clock Analysis               : NO
Hierarchy Separator                : /
Bus Delimiter                      : <>
Case Specifier                     : Maintain
Slice Utilization Ratio            : 100
BRAM Utilization Ratio             : 100
Verilog 2001                       : YES
Auto BRAM Packing                  : NO
Slice Utilization Ratio Delta      : 5

=========================================================================


=========================================================================
*                          HDL Compilation                              *
=========================================================================
Compiling verilog file "ALU.v" in library work
Module <ALU> compiled
No errors in compilation
Analysis of file <"ALU.prj"> succeeded.
 

=========================================================================
*                     Design Hierarchy Analysis                         *
=========================================================================
Analyzing hierarchy for module <ALU> in library <work>.


=========================================================================
*                            HDL Analysis                               *
=========================================================================
Analyzing top module <ALU>.
Module <ALU> is correct for synthesis.
 

=========================================================================
*                           HDL Synthesis                               *
=========================================================================

Performing bidirectional port resolution...

Synthesizing Unit <ALU>.
    Related source file is "ALU.v".
    Found 33-bit comparator greater for signal <bigger$cmp_gt0000> created at line 36.
    Found 33-bit comparator less for signal <smaller$cmp_lt0000> created at line 38.
    Found 32-bit addsub for signal <tmp$addsub0000>.
    Found 32-bit shifter logical left for signal <tmp$shift0000> created at line 60.
    Found 32-bit shifter logical left for signal <tmp$shift0001> created at line 63.
    Found 32-bit shifter logical right for signal <tmp$shift0002> created at line 66.
    Found 32-bit shifter logical right for signal <tmp$shift0003> created at line 69.
    Found 32-bit shifter arithmetic right for signal <tmp$shift0004> created at line 75.
    Found 32-bit shifter arithmetic right for signal <tmp$shift0005> created at line 78.
    Found 32-bit xor2 for signal <tmp$xor0000> created at line 57.
    Summary:
	inferred   1 Adder/Subtractor(s).
	inferred   2 Comparator(s).
	inferred   6 Combinational logic shifter(s).
Unit <ALU> synthesized.

INFO:Xst:1767 - HDL ADVISOR - Resource sharing has identified that some arithmetic operations in this design can share the same physical resources for reduced device utilization. For improved clock frequency you may try to disable resource sharing.

=========================================================================
HDL Synthesis Report

Macro Statistics
# Adders/Subtractors                                   : 1
 32-bit addsub                                         : 1
# Comparators                                          : 2
 33-bit comparator greater                             : 1
 33-bit comparator less                                : 1
# Logic shifters                                       : 6
 32-bit shifter arithmetic right                       : 2
 32-bit shifter logical left                           : 2
 32-bit shifter logical right                          : 2
# Xors                                                 : 1
 32-bit xor2                                           : 1

=========================================================================

=========================================================================
*                       Advanced HDL Synthesis                          *
=========================================================================


=========================================================================
Advanced HDL Synthesis Report

Macro Statistics
# Adders/Subtractors                                   : 1
 32-bit addsub                                         : 1
# Comparators                                          : 2
 33-bit comparator greater                             : 1
 33-bit comparator less                                : 1
# Logic shifters                                       : 6
 32-bit shifter arithmetic right                       : 2
 32-bit shifter logical left                           : 2
 32-bit shifter logical right                          : 2
# Xors                                                 : 1
 32-bit xor2                                           : 1

=========================================================================

=========================================================================
*                         Low Level Synthesis                           *
=========================================================================

Optimizing unit <ALU> ...

Mapping all equations...
Building and optimizing final netlist ...
Found area constraint ratio of 100 (+ 5) on block ALU, actual ratio is 83.

Final Macro Processing ...

=========================================================================
Final Register Report

Found no macro
=========================================================================

=========================================================================
*                           Partition Report                            *
=========================================================================

Partition Implementation Status
-------------------------------

  No Partitions were found in this design.

-------------------------------

=========================================================================
*                            Final Report                               *
=========================================================================
Final Results
RTL Top Level Output File Name     : ALU.ngr
Top Level Output File Name         : ALU
Output Format                      : NGC
Optimization Goal                  : Speed
Keep Hierarchy                     : No

Design Statistics
# IOs                              : 108

Cell Usage :
# BELS                             : 1200
#      GND                         : 1
#      INV                         : 1
#      LUT2                        : 21
#      LUT3                        : 431
#      LUT4                        : 529
#      MUXCY                       : 48
#      MUXF5                       : 136
#      VCC                         : 1
#      XORCY                       : 32
# IO Buffers                       : 108
#      IBUF                        : 73
#      OBUF                        : 35
=========================================================================

Device utilization summary:
---------------------------

Selected Device : 3s50pq208-5 

 Number of Slices:                      544  out of    768    70%  
 Number of 4 input LUTs:                982  out of   1536    63%  
 Number of IOs:                         108
 Number of bonded IOBs:                 108  out of    124    87%  

---------------------------
Partition Resource Summary:
---------------------------

  No Partitions were found in this design.

---------------------------


=========================================================================
TIMING REPORT

NOTE: THESE TIMING NUMBERS ARE ONLY A SYNTHESIS ESTIMATE.
      FOR ACCURATE TIMING INFORMATION PLEASE REFER TO THE TRACE REPORT
      GENERATED AFTER PLACE-and-ROUTE.

Clock Information:
------------------
No clock signals found in this design

Asynchronous Control Signals Information:
----------------------------------------
No asynchronous control signals found in this design

Timing Summary:
---------------
Speed Grade: -5

   Minimum period: No path found
   Minimum input arrival time before clock: No path found
   Maximum output required time after clock: No path found
   Maximum combinational path delay: 22.437ns

Timing Detail:
--------------
All values displayed in nanoseconds (ns)

=========================================================================
Timing constraint: Default path analysis
  Total number of paths / destination ports: 42141 / 35
-------------------------------------------------------------------------
Delay:               22.437ns (Levels of Logic = 18)
  Source:            Shift<0> (PAD)
  Destination:       bigger (PAD)

  Data Path: Shift<0> to bigger
                                Gate     Net
    Cell:in->out      fanout   Delay   Delay  Logical Name (Net Name)
    ----------------------------------------  ------------
     IBUF:I->O            87   0.715   2.138  Shift_0_IBUF (Shift_0_IBUF)
     LUT3:I0->O            2   0.479   0.915  Sh313_SW1 (N372)
     LUT3:I1->O            4   0.479   0.949  Sh313 (Sh313)
     LUT3:I1->O            5   0.479   0.842  Sh3337 (Sh3337)
     LUT3:I2->O            1   0.479   0.000  Sh337311 (Sh33731)
     MUXF5:I1->O           2   0.314   1.040  Sh33731_f5 (Sh337)
     LUT3:I0->O            1   0.479   0.976  tmp<17>65 (tmp<17>65)
     LUT4:I0->O            1   0.479   0.704  tmp<17>94_SW0 (N506)
     LUT4:I3->O            1   0.479   0.976  tmp<17>94 (tmp<17>94)
     LUT4:I0->O            3   0.479   0.941  tmp<17>290 (ALUresult_17_OBUF)
     LUT4:I1->O            1   0.479   0.000  Mcompar_bigger_cmp_gt0000_lut<4> (Mcompar_bigger_cmp_gt0000_lut<4>)
     MUXCY:S->O            1   0.435   0.000  Mcompar_bigger_cmp_gt0000_cy<4> (Mcompar_bigger_cmp_gt0000_cy<4>)
     MUXCY:CI->O           1   0.056   0.000  Mcompar_bigger_cmp_gt0000_cy<5> (Mcompar_bigger_cmp_gt0000_cy<5>)
     MUXCY:CI->O           1   0.056   0.000  Mcompar_bigger_cmp_gt0000_cy<6> (Mcompar_bigger_cmp_gt0000_cy<6>)
     MUXCY:CI->O           1   0.056   0.000  Mcompar_bigger_cmp_gt0000_cy<7> (Mcompar_bigger_cmp_gt0000_cy<7>)
     MUXCY:CI->O           1   0.265   0.681  Mcompar_bigger_cmp_gt0000_cy<8> (Mcompar_bigger_cmp_gt0000_cy<8>)
     INV:I->O              1   0.479   0.681  Mcompar_bigger_cmp_gt0000_cy<8>_inv_INV_0 (bigger_OBUF)
     OBUF:I->O                 4.909          bigger_OBUF (bigger)
    ----------------------------------------
    Total                     22.437ns (11.594ns logic, 10.843ns route)
                                       (51.7% logic, 48.3% route)

=========================================================================


Total REAL time to Xst completion: 9.00 secs
Total CPU time to Xst completion: 8.62 secs
 
--> 

Total memory usage is 4529192 kilobytes

Number of errors   :    0 (   0 filtered)
Number of warnings :    0 (   0 filtered)
Number of infos    :    1 (   0 filtered)

